<?xml version="1.0" encoding="UTF-8"?>
<!-- Generated by org.testng.reporters.JUnitReportReporter -->
<testsuite skipped="0" hostname="DESKTOP-U3TR6TQ" name="seleniumConcepts.WorkWithBrowser" tests="1" failures="0" timestamp="08 May 2023 11:12:25 GMT" time="7.924" errors="0">
  <testcase name="workWithBrows" time="7.924" classname="seleniumConcepts.WorkWithBrowser"/>
</testsuite> <!-- seleniumConcepts.WorkWithBrowser -->
