<?xml version="1.0" encoding="UTF-8"?>
<!-- Generated by org.testng.reporters.JUnitReportReporter -->
<testsuite skipped="0" hostname="DESKTOP-U3TR6TQ" name="seleniumConcepts.NavigateBackAndForward" tests="1" failures="0" timestamp="09 May 2023 07:31:47 GMT" time="23.991" errors="0">
  <testcase name="testCase1" time="23.991" classname="seleniumConcepts.NavigateBackAndForward"/>
</testsuite> <!-- seleniumConcepts.NavigateBackAndForward -->
