<?xml version="1.0" encoding="UTF-8"?>
<!-- Generated by org.testng.reporters.JUnitReportReporter -->
<testsuite skipped="0" hostname="DESKTOP-U3TR6TQ" name="seleniumConcepts.AutoSuggestElement" tests="1" failures="0" timestamp="10 May 2023 04:48:52 GMT" time="11.045" errors="0">
  <testcase name="testCase1" time="11.045" classname="seleniumConcepts.AutoSuggestElement"/>
</testsuite> <!-- seleniumConcepts.AutoSuggestElement -->
