<?xml version="1.0" encoding="UTF-8"?>
<!-- Generated by org.testng.reporters.JUnitReportReporter -->
<testsuite skipped="0" hostname="DESKTOP-U3TR6TQ" name="seleniumConcepts.JqueryUiExample" tests="1" failures="0" timestamp="10 May 2023 06:06:06 GMT" time="6.217" errors="0">
  <testcase name="testCase1" time="6.217" classname="seleniumConcepts.JqueryUiExample"/>
</testsuite> <!-- seleniumConcepts.JqueryUiExample -->
