<?xml version="1.0" encoding="UTF-8"?>
<!-- Generated by org.testng.reporters.JUnitReportReporter -->
<testsuite skipped="0" hostname="DESKTOP-U3TR6TQ" name="seleniumConcepts.TakescreenshotExample" tests="1" failures="0" timestamp="09 May 2023 07:12:49 GMT" time="8.061" errors="0">
  <testcase name="testCase1" time="8.061" classname="seleniumConcepts.TakescreenshotExample"/>
</testsuite> <!-- seleniumConcepts.TakescreenshotExample -->
