<?xml version="1.0" encoding="UTF-8"?>
<!-- Generated by org.testng.reporters.JUnitReportReporter -->
<testsuite skipped="0" hostname="DESKTOP-U3TR6TQ" name="seleniumConcepts.Tooltipmsg" tests="1" failures="0" timestamp="09 May 2023 08:56:39 GMT" time="5.810" errors="0">
  <testcase name="testCase1" time="5.810" classname="seleniumConcepts.Tooltipmsg"/>
</testsuite> <!-- seleniumConcepts.Tooltipmsg -->
