<?xml version="1.0" encoding="UTF-8"?>
<!-- Generated by org.testng.reporters.JUnitReportReporter -->
<testsuite skipped="0" hostname="DESKTOP-U3TR6TQ" name="testCasesForAmazon.Test2" tests="1" failures="0" timestamp="09 May 2023 06:28:08 GMT" time="18.924" errors="0">
  <testcase name="testCase2" time="18.924" classname="testCasesForAmazon.Test2"/>
</testsuite> <!-- testCasesForAmazon.Test2 -->
