<?xml version="1.0" encoding="UTF-8"?>
<!-- Generated by org.testng.reporters.JUnitReportReporter -->
<testsuite skipped="0" hostname="DESKTOP-U3TR6TQ" name="seleniumConcepts.ActionsDemo" tests="1" failures="0" timestamp="11 May 2023 07:13:59 GMT" time="9.914" errors="0">
  <testcase name="testCase1" time="9.914" classname="seleniumConcepts.ActionsDemo"/>
</testsuite> <!-- seleniumConcepts.ActionsDemo -->
