<?xml version="1.0" encoding="UTF-8"?>
<!-- Generated by org.testng.reporters.JUnitReportReporter -->
<testsuite skipped="0" hostname="DESKTOP-U3TR6TQ" name="seleniumConcepts.WorkWithTabsAndWindows" tests="1" failures="0" timestamp="11 May 2023 06:44:45 GMT" time="19.657" errors="0">
  <testcase name="testCase1" time="19.657" classname="seleniumConcepts.WorkWithTabsAndWindows"/>
</testsuite> <!-- seleniumConcepts.WorkWithTabsAndWindows -->
