<?xml version="1.0" encoding="UTF-8"?>
<!-- Generated by org.testng.reporters.JUnitReportReporter -->
<testsuite skipped="0" hostname="DESKTOP-U3TR6TQ" name="seleniumConcepts.WebTableDemo" tests="1" failures="0" timestamp="10 May 2023 04:32:19 GMT" time="22.842" errors="0">
  <testcase name="testCase1" time="22.842" classname="seleniumConcepts.WebTableDemo"/>
</testsuite> <!-- seleniumConcepts.WebTableDemo -->
