<?xml version="1.0" encoding="UTF-8"?>
<!-- Generated by org.testng.reporters.JUnitReportReporter -->
<testsuite skipped="0" hostname="DESKTOP-U3TR6TQ" name="seleniumConcepts.RetriveAllLinks" tests="1" failures="0" timestamp="10 May 2023 03:58:02 GMT" time="8.308" errors="0">
  <testcase name="testCase1" time="8.308" classname="seleniumConcepts.RetriveAllLinks"/>
</testsuite> <!-- seleniumConcepts.RetriveAllLinks -->
