<?xml version="1.0" encoding="UTF-8"?>
<!-- Generated by org.testng.reporters.JUnitReportReporter -->
<testsuite skipped="0" hostname="DESKTOP-U3TR6TQ" name="seleniumConcepts.UploadFileUsingSikuli" tests="1" failures="0" timestamp="11 May 2023 09:05:56 GMT" time="7.402" errors="0">
  <testcase name="testCase1" time="7.402" classname="seleniumConcepts.UploadFileUsingSikuli"/>
</testsuite> <!-- seleniumConcepts.UploadFileUsingSikuli -->
