<?xml version="1.0" encoding="UTF-8"?>
<!-- Generated by org.testng.reporters.JUnitReportReporter -->
<testsuite skipped="0" hostname="DESKTOP-U3TR6TQ" name="seleniumConcepts.JavaScriptExecutor" tests="1" failures="0" timestamp="11 May 2023 05:08:53 GMT" time="13.823" errors="0">
  <testcase name="testCase1" time="13.823" classname="seleniumConcepts.JavaScriptExecutor"/>
</testsuite> <!-- seleniumConcepts.JavaScriptExecutor -->
