<?xml version="1.0" encoding="UTF-8"?>
<!-- Generated by org.testng.reporters.JUnitReportReporter -->
<testsuite skipped="0" hostname="DESKTOP-U3TR6TQ" name="seleniumConcepts.StaleElementException" tests="1" failures="0" timestamp="11 May 2023 04:38:17 GMT" time="9.083" errors="0">
  <testcase name="testCase1" time="9.083" classname="seleniumConcepts.StaleElementException"/>
</testsuite> <!-- seleniumConcepts.StaleElementException -->
