<?xml version="1.0" encoding="UTF-8"?>
<!-- Generated by org.testng.reporters.JUnitReportReporter -->
<testsuite skipped="0" hostname="DESKTOP-U3TR6TQ" name="javaConcepts.WorkWithproperties" tests="1" failures="0" timestamp="10 May 2023 06:40:30 GMT" time="0.005" errors="0">
  <testcase name="workWithprop" time="0.005" classname="javaConcepts.WorkWithproperties"/>
</testsuite> <!-- javaConcepts.WorkWithproperties -->
