<?xml version="1.0" encoding="UTF-8"?>
<!-- Generated by org.testng.reporters.JUnitReportReporter -->
<testsuite skipped="0" hostname="DESKTOP-U3TR6TQ" name="testCasesForAmazon.Test3" tests="1" failures="0" timestamp="09 May 2023 06:28:08 GMT" time="44.037" errors="0">
  <testcase name="testCase3" time="44.037" classname="testCasesForAmazon.Test3"/>
</testsuite> <!-- testCasesForAmazon.Test3 -->
