<?xml version="1.0" encoding="UTF-8"?>
<!-- Generated by org.testng.reporters.JUnitReportReporter -->
<testsuite skipped="0" hostname="DESKTOP-U3TR6TQ" name="seleniumConcepts.SelectDemo" tests="1" failures="0" timestamp="11 May 2023 05:59:55 GMT" time="3.768" errors="0">
  <testcase name="testCase1" time="3.768" classname="seleniumConcepts.SelectDemo"/>
</testsuite> <!-- seleniumConcepts.SelectDemo -->
